<?xml version="1.0" encoding="UTF-8"?>
<testsuite name="guru.qa.allure.notifications.util.ProxyManagerTest" tests="1" skipped="1" failures="0" errors="0" timestamp="2024-05-09T13:28:39" hostname="MacBook-Pro.local" time="0.0">
  <properties/>
  <testcase name="manageProxyProxyIsNullTest(String, Proxy, Integer, Integer)" classname="guru.qa.allure.notifications.util.ProxyManagerTest" time="0.0">
    <skipped/>
  </testcase>
  <system-out><![CDATA[]]></system-out>
  <system-err><![CDATA[]]></system-err>
</testsuite>
